<?xml version="1.0" encoding="UTF-8"?>
<!-- Generated by org.testng.reporters.JUnitXMLReporter -->
<testsuite ignored="0" hostname="DELL" failures="0" tests="5" name="searchfunction" time="16.133" errors="0" timestamp="2023-08-03T16:53:59 IST">
  <testcase classname="Ecommerce.com.SerachFunctionRunner" name="searchiconispresentornot" time="0.517"/>
  <testcase classname="Ecommerce.com.SerachFunctionRunner" name="emptysearchproduct" time="3.829"/>
  <testcase classname="Ecommerce.com.SerachFunctionRunner" name="invalidsearchproduct" time="3.874"/>
  <testcase classname="Ecommerce.com.SerachFunctionRunner" name="validsearchproduct" time="4.57"/>
  <testcase classname="Ecommerce.com.SerachFunctionRunner" name="verifyproductdetails" time="0.118"/>
</testsuite> <!-- searchfunction -->
